<?xml version="1.0" encoding="UTF-8"?>
<testng-results ignored="0" total="1" passed="1" failed="0" skipped="0">
  <reporter-output>
  </reporter-output>
  <suite started-at="2024-02-19T11:54:22 IST" name="Default suite" finished-at="2024-02-19T11:54:55 IST" duration-ms="32876">
    <groups>
    </groups>
    <test started-at="2024-02-19T11:54:22 IST" name="Default test" finished-at="2024-02-19T11:54:55 IST" duration-ms="32876">
      <class name="objectRepository.CreateLead">
        <test-method is-config="true" signature="dbConnectionEstablish()[pri:0, instance:objectRepository.CreateLead@1e6a3214]" started-at="2024-02-19T11:54:22 IST" name="dbConnectionEstablish" finished-at="2024-02-19T11:54:22 IST" duration-ms="273" status="PASS">
          <reporter-output>
          </reporter-output>
        </test-method> <!-- dbConnectionEstablish -->
        <test-method is-config="true" signature="launchBrowser()[pri:0, instance:objectRepository.CreateLead@1e6a3214]" started-at="2024-02-19T11:54:22 IST" name="launchBrowser" finished-at="2024-02-19T11:54:31 IST" duration-ms="8863" status="PASS">
          <reporter-output>
          </reporter-output>
        </test-method> <!-- launchBrowser -->
        <test-method is-config="true" signature="loginOperation()[pri:0, instance:objectRepository.CreateLead@1e6a3214]" started-at="2024-02-19T11:54:31 IST" name="loginOperation" finished-at="2024-02-19T11:54:34 IST" duration-ms="2887" status="PASS">
          <reporter-output>
          </reporter-output>
        </test-method> <!-- loginOperation -->
        <test-method signature="createLead()[pri:0, instance:objectRepository.CreateLead@1e6a3214]" started-at="2024-02-19T11:54:34 IST" name="createLead" finished-at="2024-02-19T11:54:52 IST" duration-ms="18322" status="PASS">
          <reporter-output>
          </reporter-output>
        </test-method> <!-- createLead -->
        <test-method is-config="true" signature="logoutOperation()[pri:0, instance:objectRepository.CreateLead@1e6a3214]" started-at="2024-02-19T11:54:52 IST" name="logoutOperation" finished-at="2024-02-19T11:54:54 IST" duration-ms="2246" status="PASS">
          <reporter-output>
          </reporter-output>
        </test-method> <!-- logoutOperation -->
        <test-method is-config="true" signature="closeWindow()[pri:0, instance:objectRepository.CreateLead@1e6a3214]" started-at="2024-02-19T11:54:54 IST" name="closeWindow" finished-at="2024-02-19T11:54:55 IST" duration-ms="512" status="PASS">
          <reporter-output>
          </reporter-output>
        </test-method> <!-- closeWindow -->
        <test-method is-config="true" signature="dbConnectionClosed()[pri:0, instance:objectRepository.CreateLead@1e6a3214]" started-at="2024-02-19T11:54:55 IST" name="dbConnectionClosed" finished-at="2024-02-19T11:54:55 IST" duration-ms="0" status="FAIL">
          <exception class="java.lang.NullPointerException">
            <message>
              <![CDATA[Cannot invoke "java.sql.Connection.close()" because "this.c" is null]]>
            </message>
            <full-stacktrace>
              <![CDATA[java.lang.NullPointerException: Cannot invoke "java.sql.Connection.close()" because "this.c" is null
at genericUtility.DataBaseUtility.closeConnection(DataBaseUtility.java:25)
at genericUtility.BaseClass.dbConnectionClosed(BaseClass.java:59)
at java.base/jdk.internal.reflect.NativeMethodAccessorImpl.invoke0(Native Method)
at java.base/jdk.internal.reflect.NativeMethodAccessorImpl.invoke(NativeMethodAccessorImpl.java:77)
at java.base/jdk.internal.reflect.DelegatingMethodAccessorImpl.invoke(DelegatingMethodAccessorImpl.java:43)
at java.base/java.lang.reflect.Method.invoke(Method.java:568)
at org.testng.internal.MethodInvocationHelper.invokeMethod(MethodInvocationHelper.java:133)
at org.testng.internal.MethodInvocationHelper.invokeMethodConsideringTimeout(MethodInvocationHelper.java:62)
at org.testng.internal.ConfigInvoker.invokeConfigurationMethod(ConfigInvoker.java:385)
at org.testng.internal.ConfigInvoker.invokeConfigurations(ConfigInvoker.java:321)
at org.testng.SuiteRunner.privateRun(SuiteRunner.java:344)
at org.testng.SuiteRunner.run(SuiteRunner.java:276)
at org.testng.SuiteRunnerWorker.runSuite(SuiteRunnerWorker.java:53)
at org.testng.SuiteRunnerWorker.run(SuiteRunnerWorker.java:96)
at org.testng.TestNG.runSuitesSequentially(TestNG.java:1212)
at org.testng.TestNG.runSuitesLocally(TestNG.java:1134)
at org.testng.TestNG.runSuites(TestNG.java:1063)
at org.testng.TestNG.run(TestNG.java:1031)
at org.testng.remote.AbstractRemoteTestNG.run(AbstractRemoteTestNG.java:115)
at org.testng.remote.RemoteTestNG.initAndRun(RemoteTestNG.java:251)
at org.testng.remote.RemoteTestNG.main(RemoteTestNG.java:77)
]]>
            </full-stacktrace>
          </exception> <!-- java.lang.NullPointerException -->
          <reporter-output>
          </reporter-output>
        </test-method> <!-- dbConnectionClosed -->
      </class> <!-- objectRepository.CreateLead -->
    </test> <!-- Default test -->
  </suite> <!-- Default suite -->
</testng-results>
